[debug] [2020-03-04T04:07:05.819Z] ----------------------------------------------------------------------
[debug] [2020-03-04T04:07:05.820Z] Command:       /Users/jirisurynek/.nvm/versions/node/v12.13.0/bin/node /Users/jirisurynek/.nvm/versions/node/v12.13.0/bin/firebase init
[debug] [2020-03-04T04:07:05.821Z] CLI Version:   7.14.0
[debug] [2020-03-04T04:07:05.821Z] Platform:      darwin
[debug] [2020-03-04T04:07:05.821Z] Node Version:  v12.13.0
[debug] [2020-03-04T04:07:05.821Z] Time:          Wed Mar 04 2020 05:07:05 GMT+0100 (GMT+01:00)
[debug] [2020-03-04T04:07:05.821Z] ----------------------------------------------------------------------
[debug] [2020-03-04T04:07:05.821Z] 
[debug] [2020-03-04T04:07:05.825Z] > command requires scopes: ["email","openid","https://www.googleapis.com/auth/cloudplatformprojects.readonly","https://www.googleapis.com/auth/firebase","https://www.googleapis.com/auth/cloud-platform"]
[debug] [2020-03-04T04:07:05.826Z] > authorizing via signed-in user
[info] 
     ######## #### ########  ######## ########     ###     ######  ########
     ##        ##  ##     ## ##       ##     ##  ##   ##  ##       ##
     ######    ##  ########  ######   ########  #########  ######  ######
     ##        ##  ##    ##  ##       ##     ## ##     ##       ## ##
     ##       #### ##     ## ######## ########  ##     ##  ######  ########

You're about to initialize a Firebase project in this directory:

  /Users/jirisurynek/Documents/GitHub/event-booking-app-with-javascript-and-firebase

[info] 
=== Project Setup
[info] 
[info] First, let's associate this project directory with a Firebase project.
[info] You can create multiple project aliases by running firebase use --add, 
[info] but for now we'll just set up a default project.
[info] 
[debug] [2020-03-04T04:07:10.678Z] >>> HTTP REQUEST GET https://firebase.googleapis.com/v1beta1/projects?pageSize=100  
 
[debug] [2020-03-04T04:07:11.064Z] <<< HTTP RESPONSE 200
[info] i  Using project eventbookingapp-71787 (eventbookingapp)
[info] 
=== Database Setup
[info] 
[info] Firebase Realtime Database Rules allow you to define how your data should be
[info] structured and when your data can be read from and written to.
[info] 
